#
# There is insufficient memory for the Java Runtime Environment to continue.
# Native memory allocation (mmap) failed to map 134217728 bytes for G1 virtual space
# Possible reasons:
#   The system is out of physical RAM or swap space
#   The process is running with CompressedOops enabled, and the Java Heap may be blocking the growth of the native heap
# Possible solutions:
#   Reduce memory load on the system
#   Increase physical memory or swap space
#   Check if swap backing store is full
#   Decrease Java heap size (-Xmx/-Xms)
#   Decrease number of Java threads
#   Decrease Java thread stack sizes (-Xss)
#   Set larger code cache with -XX:ReservedCodeCacheSize=
#   JVM is running with Unscaled Compressed Oops mode in which the Java heap is
#     placed in the first 4GB address space. The Java Heap base address is the
#     maximum limit for the native heap growth. Please use -XX:HeapBaseMinAddress
#     to set the Java Heap base and to place the Java Heap above 4GB virtual address.
# This output file may be truncated or incomplete.
#
#  Out of Memory Error (os_windows.cpp:3550), pid=4568, tid=3816
#
# JRE version:  (17.0.8+9) (build )
# Java VM: Java HotSpot(TM) 64-Bit Server VM (17.0.8+9-LTS-211, mixed mode, sharing, tiered, compressed oops, compressed class ptrs, g1 gc, windows-amd64)
# No core dump will be written. Minidumps are not enabled by default on client versions of Windows
#

---------------  S U M M A R Y ------------

Command Line: -Dfile.encoding=windows-1252 -Duser.country=BR -Duser.language=pt -Duser.variant com.example.webflux.WebfluxApplication

Host: Intel(R) Core(TM) i7-4500U CPU @ 1.80GHz, 4 cores, 7G,  Windows 10 , 64 bit Build 19041 (10.0.19041.5072)
Time: Sat Nov 23 11:53:46 2024 Hora oficial do Brasil elapsed time: 0.049806 seconds (0d 0h 0m 0s)

---------------  T H R E A D  ---------------

Current thread (0x000002902d8414b0):  JavaThread "Unknown thread" [_thread_in_vm, id=3816, stack(0x000000bf55700000,0x000000bf55800000)]

Stack: [0x000000bf55700000,0x000000bf55800000]
Native frames: (J=compiled Java code, j=interpreted, Vv=VM code, C=native code)
V  [jvm.dll+0x677d0a]
V  [jvm.dll+0x7d8c54]
V  [jvm.dll+0x7da3fe]
V  [jvm.dll+0x7daa63]
V  [jvm.dll+0x245c5f]
V  [jvm.dll+0x674bb9]
V  [jvm.dll+0x6694f2]
V  [jvm.dll+0x3031d6]
V  [jvm.dll+0x30a756]
V  [jvm.dll+0x359f9e]
V  [jvm.dll+0x35a1cf]
V  [jvm.dll+0x2da3e8]
V  [jvm.dll+0x2db354]
V  [jvm.dll+0x7aa711]
V  [jvm.dll+0x367b51]
V  [jvm.dll+0x789979]
V  [jvm.dll+0x3eb05f]
V  [jvm.dll+0x3ecae1]
C  [jli.dll+0x5297]
C  [ucrtbase.dll+0x21bb2]
C  [KERNEL32.DLL+0x17374]
C  [ntdll.dll+0x4cc91]


---------------  P R O C E S S  ---------------

Threads class SMR info:
_java_thread_list=0x00007ffbd86959d8, length=0, elements={
}

Java Threads: ( => current thread )

Other Threads:
  0x000002902d89b060 GCTaskThread "GC Thread#0" [stack: 0x000000bf55800000,0x000000bf55900000] [id=11596]
  0x000002902d8acb50 ConcurrentGCThread "G1 Main Marker" [stack: 0x000000bf55900000,0x000000bf55a00000] [id=916]
  0x000002902d8adb10 ConcurrentGCThread "G1 Conc#0" [stack: 0x000000bf55a00000,0x000000bf55b00000] [id=13832]

[error occurred during error reporting (printing all threads), id 0xc0000005, EXCEPTION_ACCESS_VIOLATION (0xc0000005) at pc=0x00007ffbd7ecb047]

VM state: not at safepoint (not fully initialized)

VM Mutex/Monitor currently owned by a thread:  ([mutex/lock_event])
[0x000002902d83c240] Heap_lock - owner thread: 0x000002902d8414b0

Heap address: 0x0000000081a00000, size: 2022 MB, Compressed Oops mode: 32-bit

CDS archive(s) mapped at: [0x0000000000000000-0x0000000000000000-0x0000000000000000), size 0, SharedBaseAddress: 0x0000000800000000, ArchiveRelocationMode: 1.
Narrow klass base: 0x0000000000000000, Narrow klass shift: 0, Narrow klass range: 0x0

GC Precious Log:
<Empty>

Heap:
 garbage-first heap   total 0K, used 0K [0x0000000081a00000, 0x0000000100000000)
  region size 1024K, 0 young (0K), 0 survivors (0K)

[error occurred during error reporting (printing heap information), id 0xc0000005, EXCEPTION_ACCESS_VIOLATION (0xc0000005) at pc=0x00007ffbd82b1499]

GC Heap History (0 events):
No events

Deoptimization events (0 events):
No events

Classes unloaded (0 events):
No events

Classes redefined (0 events):
No events

Internal exceptions (0 events):
No events

VM Operations (0 events):
No events

Events (1 events):
Event: 0.014 Loaded shared library D:\Program Files\Java\jdk-17\bin\java.dll


Dynamic libraries:
0x00007ff66a270000 - 0x00007ff66a280000 	D:\Program Files\Java\jdk-17\bin\java.exe
0x00007ffc4a050000 - 0x00007ffc4a248000 	C:\WINDOWS\SYSTEM32\ntdll.dll
0x00007ffc41d30000 - 0x00007ffc41d4a000 	C:\Program Files\AVG\Antivirus\aswhook.dll
0x00007ffc49d40000 - 0x00007ffc49e02000 	C:\WINDOWS\System32\KERNEL32.DLL
0x00007ffc47bc0000 - 0x00007ffc47ebe000 	C:\WINDOWS\System32\KERNELBASE.dll
0x00007ffc47970000 - 0x00007ffc47a70000 	C:\WINDOWS\System32\ucrtbase.dll
0x00007ffc40ad0000 - 0x00007ffc40aeb000 	D:\Program Files\Java\jdk-17\bin\VCRUNTIME140.dll
0x00007ffc40a20000 - 0x00007ffc40a39000 	D:\Program Files\Java\jdk-17\bin\jli.dll
0x00007ffc484a0000 - 0x00007ffc48551000 	C:\WINDOWS\System32\ADVAPI32.dll
0x00007ffc49f70000 - 0x00007ffc4a00e000 	C:\WINDOWS\System32\msvcrt.dll
0x00007ffc48070000 - 0x00007ffc4810f000 	C:\WINDOWS\System32\sechost.dll
0x00007ffc49e40000 - 0x00007ffc49f63000 	C:\WINDOWS\System32\RPCRT4.dll
0x00007ffc47ec0000 - 0x00007ffc47ee7000 	C:\WINDOWS\System32\bcrypt.dll
0x00007ffc49410000 - 0x00007ffc495ad000 	C:\WINDOWS\System32\USER32.dll
0x00007ffc47b90000 - 0x00007ffc47bb2000 	C:\WINDOWS\System32\win32u.dll
0x00007ffc495c0000 - 0x00007ffc495eb000 	C:\WINDOWS\System32\GDI32.dll
0x00007ffc47a70000 - 0x00007ffc47b87000 	C:\WINDOWS\System32\gdi32full.dll
0x00007ffc47ef0000 - 0x00007ffc47f8d000 	C:\WINDOWS\System32\msvcp_win.dll
0x00007ffc1fcd0000 - 0x00007ffc1ff6a000 	C:\WINDOWS\WinSxS\amd64_microsoft.windows.common-controls_6595b64144ccf1df_6.0.19041.4355_none_60b8b9eb71f62e16\COMCTL32.dll
0x00007ffc3be40000 - 0x00007ffc3be4a000 	C:\WINDOWS\SYSTEM32\VERSION.dll
0x00007ffc48470000 - 0x00007ffc4849f000 	C:\WINDOWS\System32\IMM32.DLL
0x00007ffc40a10000 - 0x00007ffc40a1c000 	D:\Program Files\Java\jdk-17\bin\vcruntime140_1.dll
0x00007ffc22150000 - 0x00007ffc221de000 	D:\Program Files\Java\jdk-17\bin\msvcp140.dll
0x00007ffbd7be0000 - 0x00007ffbd87be000 	D:\Program Files\Java\jdk-17\bin\server\jvm.dll
0x00007ffc491f0000 - 0x00007ffc491f8000 	C:\WINDOWS\System32\PSAPI.DLL
0x00007ffc33460000 - 0x00007ffc33469000 	C:\WINDOWS\SYSTEM32\WSOCK32.dll
0x00007ffc39100000 - 0x00007ffc39127000 	C:\WINDOWS\SYSTEM32\WINMM.dll
0x00007ffc496d0000 - 0x00007ffc4973b000 	C:\WINDOWS\System32\WS2_32.dll
0x00007ffc46100000 - 0x00007ffc46112000 	C:\WINDOWS\SYSTEM32\kernel.appcore.dll
0x00007ffc40a00000 - 0x00007ffc40a0a000 	D:\Program Files\Java\jdk-17\bin\jimage.dll
0x00007ffc3bc20000 - 0x00007ffc3be04000 	C:\WINDOWS\SYSTEM32\DBGHELP.DLL
0x00007ffc3bbe0000 - 0x00007ffc3bc14000 	C:\WINDOWS\SYSTEM32\dbgcore.DLL
0x00007ffc47f90000 - 0x00007ffc48012000 	C:\WINDOWS\System32\bcryptPrimitives.dll
0x00007ffc0d4c0000 - 0x00007ffc0d4e5000 	D:\Program Files\Java\jdk-17\bin\java.dll

dbghelp: loaded successfully - version: 4.0.5 - missing functions: none
symbol engine: initialized successfully - sym options: 0x614 - pdb path: .;D:\Program Files\Java\jdk-17\bin;C:\WINDOWS\SYSTEM32;C:\Program Files\AVG\Antivirus;C:\WINDOWS\WinSxS\amd64_microsoft.windows.common-controls_6595b64144ccf1df_6.0.19041.4355_none_60b8b9eb71f62e16;D:\Program Files\Java\jdk-17\bin\server

VM Arguments:
jvm_args: -Dfile.encoding=windows-1252 -Duser.country=BR -Duser.language=pt -Duser.variant 
java_command: com.example.webflux.WebfluxApplication
java_class_path (initial): D:\documentos\Programação Reativa com Spring Webflux, Java e MongoDB mais Testes Unitário e Integração com JUnit5 e Mockito\webflux\build\classes\java\main;D:\documentos\Programação Reativa com Spring Webflux, Java e MongoDB mais Testes Unitário e Integração com JUnit5 e Mockito\webflux\build\resources\main;C:\Users\paulo\.gradle\caches\modules-2\files-2.1\org.springframework.boot\spring-boot-starter-data-mongodb-reactive\3.4.0\408608f6c1ff1a551adffd6c590059331a4292eb\spring-boot-starter-data-mongodb-reactive-3.4.0.jar;C:\Users\paulo\.gradle\caches\modules-2\files-2.1\org.springframework.boot\spring-boot-starter-validation\3.4.0\580aad0cdaf9d9f862e9703a612db95846055843\spring-boot-starter-validation-3.4.0.jar;C:\Users\paulo\.gradle\caches\modules-2\files-2.1\org.springframework.boot\spring-boot-starter-webflux\3.4.0\69e4eaf6c5b1aee42b65d4077deb964a8bad6e19\spring-boot-starter-webflux-3.4.0.jar;C:\Users\paulo\.gradle\caches\modules-2\files-2.1\org.springframework.boot\spring-boot-starter-json\3.4.0\b817379dd7629234dbacd52a7d5a6b11f95d8d67\spring-boot-starter-json-3.4.0.jar;C:\Users\paulo\.gradle\caches\modules-2\files-2.1\org.springframework.boot\spring-boot-starter\3.4.0\81b6241291e468e5654a4df26ee8fb35c2879bbc\spring-boot-starter-3.4.0.jar;C:\Users\paulo\.gradle\caches\modules-2\files-2.1\org.mongodb\mongodb-driver-reactivestreams\5.2.1\eab6074c877b0e3a36984bb8efb89f0ce4c7c314\mongodb-driver-reactivestreams-5.2.1.jar;C:\Users\paulo\.gradle\caches\modules-2\files-2.1\org.springframework\spring-webflux\6.2.0\e94a99e1442f2215599f6977d1d02101e7e8ae87\spring-webflux-6.2.0.jar;C:\Users\paulo\.gradle\caches\modules-2\files-2.1\org.springframework.boot\spring-boot-starter-reactor-netty\3.4.0\54a9f73c94384e8fb290be274d9a288efec9fd05\spring-boot-starter-reactor-netty-3.4.0.jar;C:\Users\paulo\.gradle\caches\modules-2\files-2.1\io.projectreactor.netty\reactor-netty-http\1.2.0\cc05be22b2e9ee88be29ccc7c8b13aa227572b5c\reactor-netty-http-1.2.0.jar;C:\
Launcher Type: SUN_STANDARD

[Global flags]
     intx CICompilerCount                          = 3                                         {product} {ergonomic}
     uint ConcGCThreads                            = 1                                         {product} {ergonomic}
     uint G1ConcRefinementThreads                  = 4                                         {product} {ergonomic}
   size_t G1HeapRegionSize                         = 1048576                                   {product} {ergonomic}
    uintx GCDrainStackTargetSize                   = 64                                        {product} {ergonomic}
   size_t InitialHeapSize                          = 134217728                                 {product} {ergonomic}
   size_t MarkStackSize                            = 4194304                                   {product} {ergonomic}
   size_t MaxHeapSize                              = 2120220672                                {product} {ergonomic}
   size_t MinHeapDeltaBytes                        = 1048576                                   {product} {ergonomic}
   size_t MinHeapSize                              = 8388608                                   {product} {ergonomic}
    uintx NonNMethodCodeHeapSize                   = 5832780                                {pd product} {ergonomic}
    uintx NonProfiledCodeHeapSize                  = 122912730                              {pd product} {ergonomic}
    uintx ProfiledCodeHeapSize                     = 122912730                              {pd product} {ergonomic}
    uintx ReservedCodeCacheSize                    = 251658240                              {pd product} {ergonomic}
     bool SegmentedCodeCache                       = true                                      {product} {ergonomic}
   size_t SoftMaxHeapSize                          = 2120220672                             {manageable} {ergonomic}
     bool UseCompressedClassPointers               = true                           {product lp64_product} {ergonomic}
     bool UseCompressedOops                        = true                           {product lp64_product} {ergonomic}
     bool UseG1GC                                  = true                                      {product} {ergonomic}
     bool UseLargePagesIndividualAllocation        = false                                  {pd product} {ergonomic}

Logging:
Log output configuration:
 #0: stdout all=warning uptime,level,tags
 #1: stderr all=off uptime,level,tags

Environment Variables:
JAVA_HOME=D:\Program Files\Java\jdk-17
PATH=C:\Program Files\Common Files\Oracle\Java\javapath;C:\Program Files\Broadcom\Broadcom 802.11 Network Adapter\Driver;C:\Python39\Scripts\;C:\Python39\;C:\ProgramData\Oracle\Java\javapath;C:\Program Files (x86)\NVIDIA Corporation\PhysX\Common;c:\Program Files (x86)\Intel\iCLS Client\;c:\Program Files\Intel\iCLS Client\;C:\WINDOWS\system32;C:\WINDOWS;C:\WINDOWS\System32\Wbem;C:\WINDOWS\System32\WindowsPowerShell\v1.0\;C:\Program Files\WIDCOMM\Bluetooth Software\;C:\Program Files\WIDCOMM\Bluetooth Software\syswow64;\iCLS Client\;postureAgent\pl;C:\Program Files\Intel\Intel(R) Management Engine Components\DAL;C:\Program Files\Intel\Intel(R) Management Engine Components\IPT;C:\Program Files (x86)\Intel\Intel(R) Management Engine Components\DAL;C:\Program Files (x86)\Intel\Intel(R) Management Engine Components\IPT;c:\Program Files (x86)\Sony\VAIO BIOS Data Transfer Utility\;C:\Program Files (x86)\Sony\VAIO Startup Setting Tool;C:\WINDOWS\System32\OpenSSH\;C:\ProgramData\chocolatey\bin;C:\Program Files (x86)\Yarn\bin\;C:\Program Files\Docker\Docker\resources\bin;D:\documentos\importante\apache-maven-3.9.1\bin;D:\Program Files\Java\jdk-17\bin;C:\Users\paulo\AppData\Roaming\nvm;C:\Program Files\nodejs;C:\Program Files\dotnet\;D:\documentos\importante\apache-maven-3.9.4\bin;C:\Program Files\nodejs\;C:\Program Files\Git\cmd;C:\Users\paulo\AppData\Local\Microsoft\WindowsApps;D:\documentos\src\flutter\bin;C:\Users\paulo\AppData\Local\Yarn\bin;C:\Users\paulo\AppData\Local\Programs\Microsoft VS Code\bin;D:\documentos\importante\apache-maven-3.9.1\bin;D:\Program Files\Java\jdk-17\bin;C:\Users\paulo\AppData\Roaming\nvm;C:\Program Files\nodejs;C:\Users\paulo\AppData\Roaming\npm
USERNAME=paulo
OS=Windows_NT
PROCESSOR_IDENTIFIER=Intel64 Family 6 Model 69 Stepping 1, GenuineIntel



---------------  S Y S T E M  ---------------

OS:
 Windows 10 , 64 bit Build 19041 (10.0.19041.5072)
OS uptime: 0 days 2:16 hours
Hyper-V role detected

CPU: total 4 (initial active 4) (2 cores per cpu, 2 threads per core) family 6 model 69 stepping 1 microcode 0x25, cx8, cmov, fxsr, ht, mmx, sse, sse2, sse3, ssse3, sse4.1, sse4.2, popcnt, lzcnt, tsc, tscinvbit, avx, avx2, aes, erms, clmul, bmi1, bmi2, fma, vzeroupper, clflush, hv

Memory: 4k page, system-wide physical 8087M (503M free)
TotalPageFile size 9806M (AvailPageFile size 124M)
current process WorkingSet (physical memory assigned to process): 10M, peak: 10M
current process commit charge ("private bytes"): 52M, peak: 180M

vm_info: Java HotSpot(TM) 64-Bit Server VM (17.0.8+9-LTS-211) for windows-amd64 JRE (17.0.8+9-LTS-211), built on Jun 14 2023 10:34:31 by "mach5one" with MS VC++ 17.1 (VS2022)

END.
